<?xml version="1.0" encoding="UTF-8"?>
<testsuite xmlns:xsi="http://www.w3.org/2001/XMLSchema-instance" xsi:noNamespaceSchemaLocation="https://maven.apache.org/surefire/maven-surefire-plugin/xsd/surefire-test-report-3.0.xsd" version="3.0" name="classes.PersonTest" time="0.06" tests="18" errors="0" skipped="0" failures="0">
  <properties>
[...]
</properties>
  <testcase name="getWeightGoal" classname="classes.PersonTest" time="0.006"/>
  <testcase name="getAge" classname="classes.PersonTest" time="0.002"/>
  <testcase name="isNull" classname="classes.PersonTest" time="0.003"/>
  <testcase name="setWeightGoal" classname="classes.PersonTest" time="0.001"/>
  <testcase name="setAge" classname="classes.PersonTest" time="0.003"/>
  <testcase name="getFullName" classname="classes.PersonTest" time="0.002"/>
  <testcase name="getLifestyle" classname="classes.PersonTest" time="0.002"/>
  <testcase name="getAllergies" classname="classes.PersonTest" time="0.001"/>
  <testcase name="getFirstName" classname="classes.PersonTest" time="0.001"/>
  <testcase name="getDietPreferences" classname="classes.PersonTest" time="0.002"/>
  <testcase name="setLastName" classname="classes.PersonTest" time="0.002"/>
  <testcase name="getLastName" classname="classes.PersonTest" time="0.001"/>
  <testcase name="setWeight" classname="classes.PersonTest" time="0.001"/>
  <testcase name="getWeight" classname="classes.PersonTest" time="0.001"/>
  <testcase name="setDietPreferences" classname="classes.PersonTest" time="0.001"/>
  <testcase name="setLifestyle" classname="classes.PersonTest" time="0.002"/>
  <testcase name="setAllergies" classname="classes.PersonTest" time="0.001"/>
  <testcase name="setFirstName" classname="classes.PersonTest" time="0.002"/>
</testsuite>